# JRE version: Java(TM) SE Runtime Environment 18.9 (11.0.12+8) (build 11.0.12+8-LTS-237)
# Java VM: Java HotSpot(TM) 64-Bit Server VM 18.9 (11.0.12+8-LTS-237, mixed mode, tiered, compressed oops, g1 gc, windows-amd64)
Heap:
 garbage-first heap   total 189440K, used 21682K [0x0000000081e00000, 0x0000000100000000)
  region size 1024K, 10 young (10240K), 10 survivors (10240K)
 Metaspace       used 41328K, capacity 42768K, committed 43136K, reserved 1087488K
  class space    used 5329K, capacity 5895K, committed 6016K, reserved 1048576K
GC Heap History (10 events):
Event: 1.353 GC heap after
{Heap after GC invocations=4 (full 0):
 garbage-first heap   total 131072K, used 8422K [0x0000000081e00000, 0x0000000100000000)
  region size 1024K, 3 young (3072K), 3 survivors (3072K)
 Metaspace       used 15239K, capacity 15678K, committed 16000K, reserved 1062912K
  class space    used 1653K, capacity 1808K, committed 1920K, reserved 1048576K
}
Event: 1.787 GC heap before
{Heap before GC invocations=4 (full 0):
 garbage-first heap   total 131072K, used 44262K [0x0000000081e00000, 0x0000000100000000)
  region size 1024K, 39 young (39936K), 3 survivors (3072K)
 Metaspace       used 20435K, capacity 21113K, committed 21248K, reserved 1067008K
  class space    used 2442K, capacity 2712K, committed 2816K, reserved 1048576K
}
Event: 1.793 GC heap after
{Heap after GC invocations=5 (full 0):
 garbage-first heap   total 157696K, used 10145K [0x0000000081e00000, 0x0000000100000000)
  region size 1024K, 4 young (4096K), 4 survivors (4096K)
 Metaspace       used 20435K, capacity 21113K, committed 21248K, reserved 1067008K
  class space    used 2442K, capacity 2712K, committed 2816K, reserved 1048576K
}
Event: 2.302 GC heap before
{Heap before GC invocations=6 (full 0):
 garbage-first heap   total 157696K, used 99233K [0x0000000081e00000, 0x0000000100000000)
  region size 1024K, 92 young (94208K), 4 survivors (4096K)
 Metaspace       used 29061K, capacity 30001K, committed 30208K, reserved 1075200K
  class space    used 3626K, capacity 3991K, committed 4096K, reserved 1048576K
}
Event: 2.312 GC heap after
{Heap after GC invocations=7 (full 0):
 garbage-first heap   total 157696K, used 12748K [0x0000000081e00000, 0x0000000100000000)
  region size 1024K, 7 young (7168K), 7 survivors (7168K)
 Metaspace       used 29061K, capacity 30001K, committed 30208K, reserved 1075200K
  class space    used 3626K, capacity 3991K, committed 4096K, reserved 1048576K
}
Event: 2.765 GC heap before
{Heap before GC invocations=8 (full 0):
 garbage-first heap   total 157696K, used 98764K [0x0000000081e00000, 0x0000000100000000)
  region size 1024K, 92 young (94208K), 7 survivors (7168K)
 Metaspace       used 32425K, capacity 33509K, committed 33792K, reserved 1079296K
  class space    used 4128K, capacity 4545K, committed 4608K, reserved 1048576K
}
Event: 2.774 GC heap after
{Heap after GC invocations=9 (full 0):
 garbage-first heap   total 157696K, used 14275K [0x0000000081e00000, 0x0000000100000000)
  region size 1024K, 7 young (7168K), 7 survivors (7168K)
 Metaspace       used 32425K, capacity 33509K, committed 33792K, reserved 1079296K
  class space    used 4128K, capacity 4545K, committed 4608K, reserved 1048576K
}
Event: 3.659 GC heap before
{Heap before GC invocations=9 (full 0):
 garbage-first heap   total 157696K, used 100291K [0x0000000081e00000, 0x0000000100000000)
  region size 1024K, 92 young (94208K), 7 survivors (7168K)
 Metaspace       used 39692K, capacity 41042K, committed 41088K, reserved 1085440K
  class space    used 5176K, capacity 5726K, committed 5760K, reserved 1048576K
}
Event: 3.672 GC heap after
{Heap after GC invocations=10 (full 0):
 garbage-first heap   total 157696K, used 18684K [0x0000000081e00000, 0x0000000100000000)
  region size 1024K, 11 young (11264K), 11 survivors (11264K)
 Metaspace       used 39692K, capacity 41042K, committed 41088K, reserved 1085440K
  class space    used 5176K, capacity 5726K, committed 5760K, reserved 1048576K
}
Event: 3.909 GC heap before
{Heap before GC invocations=10 (full 0):
 garbage-first heap   total 157696K, used 100604K [0x0000000081e00000, 0x0000000100000000)
  region size 1024K, 92 young (94208K), 11 survivors (11264K)
 Metaspace       used 41328K, capacity 42768K, committed 43136K, reserved 1087488K
  class space    used 5329K, capacity 5895K, committed 6016K, reserved 1048576K
}

