# JRE version: Java(TM) SE Runtime Environment 18.9 (11.0.12+8) (build 11.0.12+8-LTS-237)
# Java VM: Java HotSpot(TM) 64-Bit Server VM 18.9 (11.0.12+8-LTS-237, mixed mode, tiered, compressed oops, g1 gc, windows-amd64)
Heap:
 garbage-first heap   total 189440K, used 21988K [0x0000000081e00000, 0x0000000100000000)
  region size 1024K, 9 young (9216K), 9 survivors (9216K)
 Metaspace       used 41299K, capacity 42764K, committed 43136K, reserved 1087488K
  class space    used 5331K, capacity 5895K, committed 6016K, reserved 1048576K
GC Heap History (10 events):
Event: 1.924 GC heap after
{Heap after GC invocations=5 (full 0):
 garbage-first heap   total 131072K, used 10261K [0x0000000081e00000, 0x0000000100000000)
  region size 1024K, 4 young (4096K), 4 survivors (4096K)
 Metaspace       used 20427K, capacity 21109K, committed 21248K, reserved 1067008K
  class space    used 2435K, capacity 2712K, committed 2816K, reserved 1048576K
}
Event: 2.468 GC heap before
{Heap before GC invocations=6 (full 0):
 garbage-first heap   total 131072K, used 83989K [0x0000000081e00000, 0x0000000100000000)
  region size 1024K, 76 young (77824K), 4 survivors (4096K)
 Metaspace       used 29017K, capacity 29954K, committed 30208K, reserved 1075200K
  class space    used 3625K, capacity 3978K, committed 4096K, reserved 1048576K
}
Event: 2.478 GC heap after
{Heap after GC invocations=7 (full 0):
 garbage-first heap   total 157696K, used 12390K [0x0000000081e00000, 0x0000000100000000)
  region size 1024K, 6 young (6144K), 6 survivors (6144K)
 Metaspace       used 29017K, capacity 29954K, committed 30208K, reserved 1075200K
  class space    used 3625K, capacity 3978K, committed 4096K, reserved 1048576K
}
Event: 2.903 GC heap before
{Heap before GC invocations=7 (full 0):
 garbage-first heap   total 157696K, used 97382K [0x0000000081e00000, 0x0000000100000000)
  region size 1024K, 90 young (92160K), 6 survivors (6144K)
 Metaspace       used 31442K, capacity 32516K, committed 32640K, reserved 1077248K
  class space    used 3974K, capacity 4389K, committed 4480K, reserved 1048576K
}
Event: 2.911 GC heap after
{Heap after GC invocations=8 (full 0):
 garbage-first heap   total 157696K, used 14476K [0x0000000081e00000, 0x0000000100000000)
  region size 1024K, 8 young (8192K), 8 survivors (8192K)
 Metaspace       used 31442K, capacity 32516K, committed 32640K, reserved 1077248K
  class space    used 3974K, capacity 4389K, committed 4480K, reserved 1048576K
}
Event: 3.446 GC heap before
{Heap before GC invocations=8 (full 0):
 garbage-first heap   total 157696K, used 58508K [0x0000000081e00000, 0x0000000100000000)
  region size 1024K, 52 young (53248K), 8 survivors (8192K)
 Metaspace       used 34513K, capacity 35704K, committed 35840K, reserved 1081344K
  class space    used 4443K, capacity 4914K, committed 4992K, reserved 1048576K
}
Event: 3.457 GC heap after
{Heap after GC invocations=9 (full 0):
 garbage-first heap   total 157696K, used 15733K [0x0000000081e00000, 0x0000000100000000)
  region size 1024K, 8 young (8192K), 8 survivors (8192K)
 Metaspace       used 34513K, capacity 35704K, committed 35840K, reserved 1081344K
  class space    used 4443K, capacity 4914K, committed 4992K, reserved 1048576K
}
Event: 4.180 GC heap before
{Heap before GC invocations=10 (full 0):
 garbage-first heap   total 157696K, used 100725K [0x0000000081e00000, 0x0000000100000000)
  region size 1024K, 92 young (94208K), 8 survivors (8192K)
 Metaspace       used 39662K, capacity 41038K, committed 41088K, reserved 1085440K
  class space    used 5179K, capacity 5726K, committed 5760K, reserved 1048576K
}
Event: 4.192 GC heap after
{Heap after GC invocations=11 (full 0):
 garbage-first heap   total 157696K, used 18763K [0x0000000081e00000, 0x0000000100000000)
  region size 1024K, 9 young (9216K), 9 survivors (9216K)
 Metaspace       used 39662K, capacity 41038K, committed 41088K, reserved 1085440K
  class space    used 5179K, capacity 5726K, committed 5760K, reserved 1048576K
}
Event: 4.469 GC heap before
{Heap before GC invocations=11 (full 0):
 garbage-first heap   total 157696K, used 102731K [0x0000000081e00000, 0x0000000100000000)
  region size 1024K, 92 young (94208K), 9 survivors (9216K)
 Metaspace       used 41299K, capacity 42764K, committed 43136K, reserved 1087488K
  class space    used 5331K, capacity 5895K, committed 6016K, reserved 1048576K
}

